0 info it worked if it ends with ok
1 verbose cli [ 'C:\\Program Files\\nodejs\\node.exe',
1 verbose cli   'C:\\Users\\Shawn\\AppData\\Roaming\\npm\\node_modules\\npm\\bin\\npm-cli.js',
1 verbose cli   'run-script',
1 verbose cli   'brunch-watch' ]
2 info using npm@3.10.9
3 info using node@v6.9.1
4 verbose run-script [ 'prebrunch-watch', 'brunch-watch', 'postbrunch-watch' ]
5 info lifecycle Cinema@0.0.0~prebrunch-watch: Cinema@0.0.0
6 silly lifecycle Cinema@0.0.0~prebrunch-watch: no script for prebrunch-watch, continuing
7 info lifecycle Cinema@0.0.0~brunch-watch: Cinema@0.0.0
8 verbose lifecycle Cinema@0.0.0~brunch-watch: unsafe-perm in lifecycle true
9 verbose lifecycle Cinema@0.0.0~brunch-watch: PATH: C:\Users\Shawn\AppData\Roaming\npm\node_modules\npm\bin\node-gyp-bin;C:\Users\Shawn\Desktop\ebus\node_modules\.bin;C:\ProgramData\Oracle\Java\javapath;C:\PROGRAM FILES (X86)\INTEL\ICLS CLIENT\;C:\PROGRAM FILES\INTEL\ICLS CLIENT\;C:\PROGRAM FILES\DELL\DW WLAN CARD;C:\WINDOWS\SYSTEM32;C:\WINDOWS;C:\WINDOWS\SYSTEM32\WBEM;C:\WINDOWS\SYSTEM32\WINDOWSPOWERSHELL\V1.0\;C:\PROGRAM FILES (X86)\NVIDIA CORPORATION\PHYSX\COMMON;C:\PROGRAM FILES (X86)\INTEL\INTEL(R) MANAGEMENT ENGINE COMPONENTS\DAL;C:\PROGRAM FILES\INTEL\INTEL(R) MANAGEMENT ENGINE COMPONENTS\DAL;C:\PROGRAM FILES (X86)\INTEL\INTEL(R) MANAGEMENT ENGINE COMPONENTS\IPT;C:\PROGRAM FILES\INTEL\INTEL(R) MANAGEMENT ENGINE COMPONENTS\IPT;;C:\Windows\SYSTEM32;C:\Windows;C:\Windows\SYSTEM32\WBEM;C:\Windows\SYSTEM32\WINDOWSPOWERSHELL\V1.0\;C:\Program Files\WIDCOMM\Bluetooth Software\;C:\Program Files\WIDCOMM\Bluetooth Software\syswow64;C:\Program Files (x86)\Windows Kits\8.1\Windows Performance Toolkit\;C:\Program Files\nodejs\;C:\Users\Shawn\AppData\Local\Microsoft\WindowsApps;C:\Program Files\Java\jdk1.8.0_101\bin;C:\Users\Shawn\AppData\Roaming\npm;C:\Users\Shawn\.windows-build-tools\python27
10 verbose lifecycle Cinema@0.0.0~brunch-watch: CWD: C:\Users\Shawn\Desktop\ebus
11 silly lifecycle Cinema@0.0.0~brunch-watch: Args: [ '/d /s /c', 'brunch watch' ]
12 silly lifecycle Cinema@0.0.0~brunch-watch: Returned: code: 3221225786  signal: null
13 info lifecycle Cinema@0.0.0~brunch-watch: Failed to exec brunch-watch script
14 verbose stack Error: Cinema@0.0.0 brunch-watch: `brunch watch`
14 verbose stack Exit status 3221225786
14 verbose stack     at EventEmitter.<anonymous> (C:\Users\Shawn\AppData\Roaming\npm\node_modules\npm\lib\utils\lifecycle.js:255:16)
14 verbose stack     at emitTwo (events.js:106:13)
14 verbose stack     at EventEmitter.emit (events.js:191:7)
14 verbose stack     at ChildProcess.<anonymous> (C:\Users\Shawn\AppData\Roaming\npm\node_modules\npm\lib\utils\spawn.js:40:14)
14 verbose stack     at emitTwo (events.js:106:13)
14 verbose stack     at ChildProcess.emit (events.js:191:7)
14 verbose stack     at maybeClose (internal/child_process.js:877:16)
14 verbose stack     at Process.ChildProcess._handle.onexit (internal/child_process.js:226:5)
15 verbose pkgid Cinema@0.0.0
16 verbose cwd C:\Users\Shawn\Desktop\ebus
17 error Windows_NT 10.0.14393
18 error argv "C:\\Program Files\\nodejs\\node.exe" "C:\\Users\\Shawn\\AppData\\Roaming\\npm\\node_modules\\npm\\bin\\npm-cli.js" "run-script" "brunch-watch"
19 error node v6.9.1
20 error npm  v3.10.9
21 error code ELIFECYCLE
22 error Cinema@0.0.0 brunch-watch: `brunch watch`
22 error Exit status 3221225786
23 error Failed at the Cinema@0.0.0 brunch-watch script 'brunch watch'.
23 error Make sure you have the latest version of node.js and npm installed.
23 error If you do, this is most likely a problem with the Cinema package,
23 error not with npm itself.
23 error Tell the author that this fails on your system:
23 error     brunch watch
23 error You can get information on how to open an issue for this project with:
23 error     npm bugs Cinema
23 error Or if that isn't available, you can get their info via:
23 error     npm owner ls Cinema
23 error There is likely additional logging output above.
24 verbose exit [ 1, true ]
